C51 COMPILER V9.54   IR                                                                    12/30/2020 22:26:18 PAGE 1   


C51 COMPILER V9.54, COMPILATION OF MODULE IR
OBJECT MODULE PLACED IN .\Objects\IR.obj
COMPILER INVOKED BY: D:\Keil5\C51\BIN\C51.EXE IR.c OPTIMIZE(8,SPEED) BROWSE DEBUG OBJECTEXTEND PRINT(.\Listings\IR.lst) 
                    -OBJECT(.\Objects\IR.obj)

line level    source

   1          #include <REGX52.H>
   2          #include "Timer0.h"
   3          #include "Int0.h"
   4          
   5          unsigned int IR_Time;
   6          unsigned char IR_State;
   7          
   8          unsigned char IR_Data[4];
   9          unsigned char IR_pData;
  10          
  11          unsigned char IR_DataFlag;
  12          unsigned char IR_RepeatFlag;
  13          unsigned char IR_Address;
  14          unsigned char IR_Command;
  15          
  16          /**
  17            * @brief  红外遥控初始化
  18            * @param  无
  19            * @retval 无
  20            */
  21          void IR_Init(void)
  22          {
  23   1              Timer0_Init();
  24   1              Int0_Init();
  25   1      }
  26          
  27          /**
  28            * @brief  红外遥控获取收到数据帧标志位
  29            * @param  无
  30            * @retval 是否收到数据帧，1为收到，0为未收到
  31            */
  32          unsigned char IR_GetDataFlag(void)
  33          {
  34   1              if(IR_DataFlag)
  35   1              {
  36   2                      IR_DataFlag=0;
  37   2                      return 1;
  38   2              }
  39   1              return 0;
  40   1      }
  41          
  42          /**
  43            * @brief  红外遥控获取收到连发帧标志位
  44            * @param  无
  45            * @retval 是否收到连发帧，1为收到，0为未收到
  46            */
  47          unsigned char IR_GetRepeatFlag(void)
  48          {
  49   1              if(IR_RepeatFlag)
  50   1              {
  51   2                      IR_RepeatFlag=0;
  52   2                      return 1;
  53   2              }
  54   1              return 0;
C51 COMPILER V9.54   IR                                                                    12/30/2020 22:26:18 PAGE 2   

  55   1      }
  56          
  57          /**
  58            * @brief  红外遥控获取收到的地址数据
  59            * @param  无
  60            * @retval 收到的地址数据
  61            */
  62          unsigned char IR_GetAddress(void)
  63          {
  64   1              return IR_Address;
  65   1      }
  66          
  67          /**
  68            * @brief  红外遥控获取收到的命令数据
  69            * @param  无
  70            * @retval 收到的命令数据
  71            */
  72          unsigned char IR_GetCommand(void)
  73          {
  74   1              return IR_Command;
  75   1      }
  76          
  77          //外部中断0中断函数，下降沿触发执行
  78          void Int0_Routine(void) interrupt 0
  79          {
  80   1              if(IR_State==0)                         //状态0，空闲状态
  81   1              {
  82   2                      Timer0_SetCounter(0);   //定时计数器清0
  83   2                      Timer0_Run(1);                  //定时器启动
  84   2                      IR_State=1;                             //置状态为1
  85   2              }
  86   1              else if(IR_State==1)            //状态1，等待Start信号或Repeat信号
  87   1              {
  88   2                      IR_Time=Timer0_GetCounter();    //获取上一次中断到此次中断的时间
  89   2                      Timer0_SetCounter(0);   //定时计数器清0
  90   2                      if(IR_Time>13500-500 && IR_Time<13500+500)      //如果接收到了Start信号
  91   2                      {
  92   3                              IR_State=2;                     //置状态为2
  93   3                      }
  94   2                      else if(IR_Time>11250-500 && IR_Time<11250+500) //如果接收到了Repeat信号
  95   2                      {
  96   3                              IR_RepeatFlag=1;        //置收到连发帧标志位为1
  97   3                              Timer0_Run(0);          //定时器停止
  98   3                              IR_State=0;                     //置状态为0
  99   3                      }
 100   2                      else                                    //接收出错
 101   2                      {
 102   3                              IR_State=1;                     //置状态为1
 103   3                      }
 104   2              }
 105   1              else if(IR_State==2)            //状态2，接收数据
 106   1              {
 107   2                      IR_Time=Timer0_GetCounter();    //获取上一次中断到此次中断的时间
 108   2                      Timer0_SetCounter(0);   //定时计数器清0
 109   2                      if(IR_Time>1120-500 && IR_Time<1120+500)        //如果接收到了0
 110   2                      {
 111   3                              IR_Data[IR_pData/8]&=~(0x01<<(IR_pData%8));     //数据对应位清0
 112   3                              IR_pData++;                     //数据位置指针自增
 113   3                      }
 114   2                      else if(IR_Time>2250-500 && IR_Time<2250+500)   //如果接收到了1
 115   2                      {
 116   3                              IR_Data[IR_pData/8]|=(0x01<<(IR_pData%8));      //数据对应位置1
C51 COMPILER V9.54   IR                                                                    12/30/2020 22:26:18 PAGE 3   

 117   3                              IR_pData++;                     //数据位置指针自增
 118   3                      }
 119   2                      else                                    //接收出错
 120   2                      {
 121   3                              IR_pData=0;                     //数据位置指针清0
 122   3                              IR_State=1;                     //置状态为1
 123   3                      }
 124   2                      if(IR_pData>=32)                //如果接收到了32位数据
 125   2                      {
 126   3                              IR_pData=0;                     //数据位置指针清0
 127   3                              if((IR_Data[0]==~IR_Data[1]) && (IR_Data[2]==~IR_Data[3]))      //数据验证
 128   3                              {
 129   4                                      IR_Address=IR_Data[0];  //转存数据
 130   4                                      IR_Command=IR_Data[2];
 131   4                                      IR_DataFlag=1;  //置收到连发帧标志位为1
 132   4                              }
 133   3                              Timer0_Run(0);          //定时器停止
 134   3                              IR_State=0;                     //置状态为0
 135   3                      }
 136   2              }
 137   1      }
 138          


MODULE INFORMATION:   STATIC OVERLAYABLE
   CODE SIZE        =    370    ----
   CONSTANT SIZE    =   ----    ----
   XDATA SIZE       =   ----    ----
   PDATA SIZE       =   ----    ----
   DATA SIZE        =     12    ----
   IDATA SIZE       =   ----    ----
   BIT SIZE         =   ----    ----
END OF MODULE INFORMATION.


C51 COMPILATION COMPLETE.  0 WARNING(S),  0 ERROR(S)
